Clock: clk
Sources: clk 
Generated: no
Virtual: no
Propagated: no
Period: 10.000000

===========================================================================
report_clock_properties
============================================================================
Clock                   Period          Waveform
----------------------------------------------------
clk                  10.000000    0.000000  5.000000

===========================================================================
report_clock_latency
============================================================================
Clock clk
rise -> rise
    min     max
0.000000 0.000000 source latency
0.195068         network latency _196_/CLK
        0.195068 network latency _196_/CLK
---------------
0.195068 0.195068 latency
        0.000000 skew

fall -> fall
    min     max
0.000000 0.000000 source latency
0.089859         network latency _196_/CLK
        0.089859 network latency _196_/CLK
---------------
0.089859 0.089859 latency
        0.000000 skew



===========================================================================
report_clock_min_period
============================================================================
clk period_min = 1.03 fmax = 975.53
